<?xml version="1.0" encoding="UTF-8"?>
<!-- Generated by org.testng.reporters.JUnitReportReporter -->
<testsuite hostname="DESKTOP-NLD5HU1" name="testng.AnnotationExecutionSequences" tests="6" failures="0" timestamp="22 Jul 2019 09:53:34 GMT" time="0.031" errors="0">
  <testcase name="test0" time="0.015" classname="testng.AnnotationExecutionSequences"/>
  <testcase name="test2" time="0.016" classname="testng.AnnotationExecutionSequences"/>
  <testcase name="test00" time="0.000" classname="testng.AnnotationExecutionSequences"/>
  <testcase name="test4" time="0.000" classname="testng.AnnotationExecutionSequences"/>
  <testcase name="test3" time="0.000" classname="testng.AnnotationExecutionSequences"/>
  <testcase name="test1" time="0.000" classname="testng.AnnotationExecutionSequences"/>
</testsuite> <!-- testng.AnnotationExecutionSequences -->
