<?xml version="1.0" encoding="UTF-8"?>
<!-- Generated by org.testng.reporters.JUnitReportReporter -->
<testsuite hostname="DESKTOP-NLD5HU1" name="testng.Test1" tests="3" failures="0" timestamp="22 Jul 2019 09:58:15 GMT" time="0.032" errors="0">
  <testcase name="a" time="0.016" classname="testng.Test1"/>
  <testcase name="b" time="0.000" classname="testng.Test1"/>
  <testcase name="c" time="0.016" classname="testng.Test1"/>
</testsuite> <!-- testng.Test1 -->
